<?xml version="1.0" encoding="UTF-8"?>
<!-- Generated by org.testng.reporters.JUnitXMLReporter -->
<testsuite hostname="sebastian-thinkpad-t530" name="FacebookApp test" tests="2" failures="1" timestamp="10 Nov 2017 16:33:46 GMT" time="8.97" errors="0">
  <testcase name="facebookRatingCompare" time="5.92" classname="com.testprojects.facebook.tests.FacebookRatingTest">
    <failure type="java.lang.AssertionError" message="2 start should be more than 3 start expected [false] but found [true]">
      <![CDATA[java.lang.AssertionError: 2 start should be more than 3 start expected [false] but found [true]
	at com.testprojects.facebook.tests.FacebookRatingTest.facebookRatingCompare(FacebookAppTest.java:74)
... Removed 26 stack frames]]>
    </failure>
  </testcase> <!-- facebookRatingCompare -->
  <testcase name="aaa" time="0.0" classname="com.testprojects.facebook.tests.FacebookRatingTest">
    <skipped/>
  </testcase> <!-- aaa -->
</testsuite> <!-- FacebookApp test -->
